2021-12-12 19:25:18 - INFO - "GET / HTTP/1.1" 200 1219
2021-12-12 19:25:18 - INFO - "GET /static/style.css HTTP/1.1" 200 648
2021-12-12 19:25:34 - ERROR - SyntaxError in 0 on line 0
2021-12-12 19:25:34 - ERROR - "GET /posts HTTP/1.1" 500 1040042
2021-12-12 19:27:29 - ERROR - SyntaxError in 0 on line 0
2021-12-12 19:27:29 - ERROR - "GET /posts HTTP/1.1" 500 1040049
2021-12-12 19:28:48 - ERROR - SyntaxError in 0 on line 0
2021-12-12 19:28:48 - ERROR - "GET /posts/1 HTTP/1.1" 500 1040890
2021-12-12 19:31:52 - ERROR - SyntaxError in 0 on line 0
2021-12-12 19:31:52 - ERROR - "POST /posts HTTP/1.1" 500 1039771
2021-12-12 19:32:16 - INFO - "GET /posts HTTP/1.1" 200 2
2021-12-12 19:32:16 - INFO - "GET /posts HTTP/1.1" 200 2
2021-12-12 19:32:16 - INFO - "GET /favicon.ico HTTP/1.1" 304 0
2021-12-12 19:32:37 - ERROR - QueryException in 0 on line 0
2021-12-12 19:32:37 - ERROR - "POST /posts HTTP/1.1" 500 984024
2021-12-12 19:32:50 - ERROR - QueryException in 0 on line 0
2021-12-12 19:32:50 - ERROR - "POST /posts HTTP/1.1" 500 984024
2021-12-12 19:34:13 - INFO - "POST /posts HTTP/1.1" 200 151
2021-12-12 19:34:13 - INFO - "GET /posts HTTP/1.1" 200 153
2021-12-12 19:34:13 - INFO - "GET /favicon.ico HTTP/1.1" 304 0
2021-12-12 19:34:13 - WARNING - "PUT /posts HTTP/1.1" 405 1554
2021-12-12 19:34:13 - INFO - "PUT /posts/1 HTTP/1.1" 200 2
2021-12-12 19:34:13 - INFO - "GET /posts HTTP/1.1" 200 156
2021-12-12 19:34:13 - INFO - "GET /posts/1 HTTP/1.1" 200 154
2021-12-12 19:34:13 - INFO - "GET /posts/1 HTTP/1.1" 200 154
2021-12-12 19:34:13 - INFO - "GET /posts/1 HTTP/1.1" 200 154
2021-12-12 19:34:13 - INFO - "DELETE /posts/1 HTTP/1.1" 200 156
2021-12-12 19:34:13 - INFO - "GET /posts HTTP/1.1" 200 2
